ALLUSERSPROFILE=C:\ProgramData
APPDATA=C:\Users\unios\AppData\Roaming
asl.log=Destination=file
CLASSPATH=.;C:\Program Files (x86)\Java\jre6\lib\ext\QTJava.zip
CommonProgramFiles=C:\Program Files\Common Files
CommonProgramFiles(x86)=C:\Program Files (x86)\Common Files
CommonProgramW6432=C:\Program Files\Common Files
COMPUTERNAME=UNIOS-VAIO
ComSpec=C:\Windows\system32\cmd.exe
configsetroot=C:\Windows\ConfigSetRoot
FP_NO_HOST_CHECK=NO
HOMEDRIVE=C:
HOMEPATH=\Users\unios
LOCALAPPDATA=C:\Users\unios\AppData\Local
LOGONSERVER=\\UNIOS-VAIO
NUMBER_OF_PROCESSORS=4
OS=Windows_NT
Path=C:\Program Files\Common Files\Microsoft Shared\Windows Live;C:\Program Files (x86)\Common Files\Microsoft Shared\Windows Live;C:\Windows\system32;C:\Windows;C:\Windows\System32\Wbem;C:\Windows\System32\WindowsPowerShell\v1.0\;C:\Program Files\WIDCOMM\Bluetooth Software\;C:\Program Files\WIDCOMM\Bluetooth Software\syswow64;C:\Program Files\Intel\WiFi\bin\;C:\Program Files\Common Files\Intel\WirelessCommon\;C:\Program Files (x86)\Justsystems\JSLIB32\;C:\Program Files (x86)\Sony\VAIO Startup Setting Tool;C:\Program Files (x86)\Windows Live\Shared;C:\Program Files (x86)\QuickTime\QTSystem\;C:\Program Files (x86)\Git\cmd;C:\Ruby193\bin
PATHEXT=.COM;.EXE;.BAT;.CMD;.VBS;.VBE;.JS;.JSE;.WSF;.WSH;.MSC
PROCESSOR_ARCHITECTURE=AMD64
PROCESSOR_IDENTIFIER=Intel64 Family 6 Model 37 Stepping 5, GenuineIntel
PROCESSOR_LEVEL=6
PROCESSOR_REVISION=2505
ProgramData=C:\ProgramData
ProgramFiles=C:\Program Files
ProgramFiles(x86)=C:\Program Files (x86)
ProgramW6432=C:\Program Files
PROMPT=$P$G
PSModulePath=C:\Windows\system32\WindowsPowerShell\v1.0\Modules\
PUBLIC=C:\Users\Public
QTJAVA=C:\Program Files (x86)\Java\jre6\lib\ext\QTJava.zip
SESSIONNAME=Console
SystemDrive=C:
SystemRoot=C:\Windows
TEMP=C:\Users\unios\AppData\Local\Temp
TFS_DIR=C:\Program Files\Protector Suite\
TMP=C:\Users\unios\AppData\Local\Temp
USERDOMAIN=unios-VAIO
USERNAME=unios
USERPROFILE=C:\Users\unios
windir=C:\Windows
